<?xml version="1.0" encoding="UTF-8"?>
<testng-results total="2" passed="2" failed="0" skipped="0">
  <reporter-output>
  </reporter-output>
  <suite started-at="2022-10-24T07:13:15Z" name="Suite" finished-at="2022-10-24T07:13:33Z" duration-ms="18242">
    <groups>
      <group name="JupiterPage">
        <method signature="TestHomePage.checkMandatoryFields()[pri:1, instance:com.test.jupiter.TestHomePage@45d84a20]" name="checkMandatoryFields" class="com.test.jupiter.TestHomePage"/>
        <method signature="TestHomePage.verifySubmission()[pri:2, instance:com.test.jupiter.TestHomePage@45d84a20]" name="verifySubmission" class="com.test.jupiter.TestHomePage"/>
      </group> <!-- JupiterPage -->
    </groups>
    <test started-at="2022-10-24T07:13:15Z" name="Test" finished-at="2022-10-24T07:13:33Z" duration-ms="18242">
      <class name="com.test.jupiter.TestHomePage">
        <test-method is-config="true" signature="setup()[pri:0, instance:com.test.jupiter.TestHomePage@45d84a20]" started-at="2022-10-24T12:43:15Z" name="setup" finished-at="2022-10-24T12:43:21Z" duration-ms="5879" status="PASS">
          <reporter-output>
          </reporter-output>
        </test-method> <!-- setup -->
        <test-method signature="checkMandatoryFields()[pri:1, instance:com.test.jupiter.TestHomePage@45d84a20]" started-at="2022-10-24T12:43:21Z" name="checkMandatoryFields" description="Validate Mandatory field Checks  " finished-at="2022-10-24T12:43:26Z" duration-ms="4514" status="PASS">
          <reporter-output>
          </reporter-output>
        </test-method> <!-- checkMandatoryFields -->
        <test-method signature="verifySubmission()[pri:2, instance:com.test.jupiter.TestHomePage@45d84a20]" started-at="2022-10-24T12:43:26Z" name="verifySubmission" description="Validate Submission with Madatory fields " finished-at="2022-10-24T12:43:33Z" duration-ms="7126" status="PASS">
          <reporter-output>
          </reporter-output>
        </test-method> <!-- verifySubmission -->
        <test-method is-config="true" signature="tearDown()[pri:0, instance:com.test.jupiter.TestHomePage@45d84a20]" started-at="2022-10-24T12:43:33Z" name="tearDown" finished-at="2022-10-24T12:43:33Z" duration-ms="699" status="PASS">
          <reporter-output>
          </reporter-output>
        </test-method> <!-- tearDown -->
      </class> <!-- com.test.jupiter.TestHomePage -->
    </test> <!-- Test -->
  </suite> <!-- Suite -->
</testng-results>
